<?xml version="1.0" encoding="UTF-8"?>
<testng-results ignored="0" total="1" passed="1" failed="0" skipped="0">
  <reporter-output>
  </reporter-output>
  <suite started-at="2023-09-17T20:32:55 ICT" name="Default suite" finished-at="2023-09-17T20:33:21 ICT" duration-ms="26165">
    <groups>
    </groups>
    <test started-at="2023-09-17T20:32:55 ICT" name="Default test" finished-at="2023-09-17T20:33:21 ICT" duration-ms="26165">
      <class name="CheckBoxTest">
        <test-method signature="doTC01()[pri:0, instance:CheckBoxTest@55a147cc]" started-at="2023-09-17T20:32:55 ICT" name="doTC01" finished-at="2023-09-17T20:33:21 ICT" duration-ms="26132" status="PASS">
          <reporter-output>
          </reporter-output>
        </test-method> <!-- doTC01 -->
      </class> <!-- CheckBoxTest -->
    </test> <!-- Default test -->
  </suite> <!-- Default suite -->
</testng-results>
